{"C:\\Users\\Administrator\\Desktop\\test\\mobx\\src\\appState.ts": {"path":"C:\\Users\\Administrator\\Desktop\\test\\mobx\\src\\appState.ts","statementMap":{"0":{"start":{"line":1,"column":0},"end":{"line":1,"column":39}},"1":{"start":{"line":5,"column":0},"end":{"line":5,"column":null}},"2":{"start":{"line":8,"column":2},"end":{"line":8,"column":null}},"3":{"start":{"line":11,"column":2},"end":{"line":11,"column":null}},"4":{"start":{"line":14,"column":2},"end":{"line":16,"column":null}},"5":{"start":{"line":15,"column":4},"end":{"line":15,"column":null}},"6":{"start":{"line":19,"column":2},"end":{"line":22,"column":null}},"7":{"start":{"line":20,"column":4},"end":{"line":20,"column":null}},"8":{"start":{"line":21,"column":4},"end":{"line":21,"column":null}},"9":{"start":{"line":26,"column":2},"end":{"line":29,"column":null}},"10":{"start":{"line":27,"column":4},"end":{"line":27,"column":null}},"11":{"start":{"line":28,"column":4},"end":{"line":28,"column":null}},"12":{"start":{"line":30,"column":0},"end":{"line":30,"column":null}},"13":{"start":{"line":32,"column":13},"end":{"line":32,"column":null}}},"fnMap":{"0":{"name":"ApplicationState","decl":{"start":{"line":5,"column":0},"end":{"line":5,"column":null}},"loc":{"start":{"line":5,"column":0},"end":{"line":30,"column":null}}},"1":{"name":"(anonymous_3)","decl":{"start":{"line":14,"column":2},"end":{"line":14,"column":19}},"loc":{"start":{"line":14,"column":36},"end":{"line":16,"column":3}}},"2":{"name":"(anonymous_4)","decl":{"start":{"line":19,"column":2},"end":{"line":19,"column":16}},"loc":{"start":{"line":19,"column":2},"end":{"line":22,"column":3}}},"3":{"name":"(anonymous_5)","decl":{"start":{"line":26,"column":2},"end":{"line":26,"column":7}},"loc":{"start":{"line":26,"column":2},"end":{"line":29,"column":3}}}},"branchMap":{},"s":{"0":1,"1":1,"2":2,"3":2,"4":2,"5":4,"6":2,"7":2,"8":2,"9":2,"10":5,"11":5,"12":1,"13":1},"f":{"0":1,"1":4,"2":2,"3":5},"b":{}}
}
